[2026-03-08T21:24:40.608Z] Newsletter error: SyntaxError: Expected property name or '}' in JSON at position 1
    at JSON.parse (<anonymous>)
    at parseJSONFromBytes (node:internal/deps/undici/undici:5738:19)
    at successSteps (node:internal/deps/undici/undici:5719:27)
    at fullyReadBody (node:internal/deps/undici/undici:4609:9)
    at process.processTicksAndRejections (node:internal/process/task_queues:95:5)
    at async consumeBody (node:internal/deps/undici/undici:5728:7)
    at async POST (C:\Users\TINGO-AI-010\Documents\100under40\.next\dev\server\chunks\[root-of-the-server]__3d0ea659._.js:124:22)
    at async AppRouteRouteModule.do (C:\Users\TINGO-AI-010\Documents\100under40\node_modules\next\dist\compiled\next-server\app-route-turbo.runtime.dev.js:5:37866)
    at async AppRouteRouteModule.handle (C:\Users\TINGO-AI-010\Documents\100under40\node_modules\next\dist\compiled\next-server\app-route-turbo.runtime.dev.js:5:45156)
    at async responseGenerator (C:\Users\TINGO-AI-010\Documents\100under40\.next\dev\server\chunks\node_modules_next_8fce7088._.js:14843:38)
    at async AppRouteRouteModule.handleResponse (C:\Users\TINGO-AI-010\Documents\100under40\node_modules\next\dist\compiled\next-server\app-route-turbo.runtime.dev.js:1:187713)
    at async handleResponse (C:\Users\TINGO-AI-010\Documents\100under40\.next\dev\server\chunks\node_modules_next_8fce7088._.js:14906:32)
    at async Module.handler (C:\Users\TINGO-AI-010\Documents\100under40\.next\dev\server\chunks\node_modules_next_8fce7088._.js:14959:13)
    at async DevServer.renderToResponseWithComponentsImpl (C:\Users\TINGO-AI-010\Documents\100under40\node_modules\next\dist\server\base-server.js:1422:9)
    at async DevServer.renderPageComponent (C:\Users\TINGO-AI-010\Documents\100under40\node_modules\next\dist\server\base-server.js:1474:24)
    at async DevServer.renderToResponseImpl (C:\Users\TINGO-AI-010\Documents\100under40\node_modules\next\dist\server\base-server.js:1524:32)
    at async DevServer.pipeImpl (C:\Users\TINGO-AI-010\Documents\100under40\node_modules\next\dist\server\base-server.js:1018:25)
    at async NextNodeServer.handleCatchallRenderRequest (C:\Users\TINGO-AI-010\Documents\100under40\node_modules\next\dist\server\next-server.js:395:17)
    at async DevServer.handleRequestImpl (C:\Users\TINGO-AI-010\Documents\100under40\node_modules\next\dist\server\base-server.js:909:17)
    at async C:\Users\TINGO-AI-010\Documents\100under40\node_modules\next\dist\server\dev\next-dev-server.js:387:20
    at async Span.traceAsyncFn (C:\Users\TINGO-AI-010\Documents\100under40\node_modules\next\dist\trace\trace.js:157:20)
    at async DevServer.handleRequest (C:\Users\TINGO-AI-010\Documents\100under40\node_modules\next\dist\server\dev\next-dev-server.js:383:24)
    at async invokeRender (C:\Users\TINGO-AI-010\Documents\100under40\node_modules\next\dist\server\lib\router-server.js:248:21)
    at async handleRequest (C:\Users\TINGO-AI-010\Documents\100under40\node_modules\next\dist\server\lib\router-server.js:447:24)
    at async requestHandlerImpl (C:\Users\TINGO-AI-010\Documents\100under40\node_modules\next\dist\server\lib\router-server.js:496:13)
    at async Server.requestListener (C:\Users\TINGO-AI-010\Documents\100under40\node_modules\next\dist\server\lib\start-server.js:226:13)
[2026-03-08T21:25:19.666Z] Newsletter error: SyntaxError: Expected property name or '}' in JSON at position 1
    at JSON.parse (<anonymous>)
    at POST (C:\Users\TINGO-AI-010\Documents\100under40\.next\dev\server\chunks\[root-of-the-server]__3d0ea659._.js:127:27)
    at process.processTicksAndRejections (node:internal/process/task_queues:95:5)
    at async AppRouteRouteModule.do (C:\Users\TINGO-AI-010\Documents\100under40\node_modules\next\dist\compiled\next-server\app-route-turbo.runtime.dev.js:5:37866)
    at async AppRouteRouteModule.handle (C:\Users\TINGO-AI-010\Documents\100under40\node_modules\next\dist\compiled\next-server\app-route-turbo.runtime.dev.js:5:45156)
    at async responseGenerator (C:\Users\TINGO-AI-010\Documents\100under40\.next\dev\server\chunks\node_modules_next_8fce7088._.js:14843:38)
    at async AppRouteRouteModule.handleResponse (C:\Users\TINGO-AI-010\Documents\100under40\node_modules\next\dist\compiled\next-server\app-route-turbo.runtime.dev.js:1:187713)
    at async handleResponse (C:\Users\TINGO-AI-010\Documents\100under40\.next\dev\server\chunks\node_modules_next_8fce7088._.js:14906:32)
    at async Module.handler (C:\Users\TINGO-AI-010\Documents\100under40\.next\dev\server\chunks\node_modules_next_8fce7088._.js:14959:13)
    at async DevServer.renderToResponseWithComponentsImpl (C:\Users\TINGO-AI-010\Documents\100under40\node_modules\next\dist\server\base-server.js:1422:9)
    at async DevServer.renderPageComponent (C:\Users\TINGO-AI-010\Documents\100under40\node_modules\next\dist\server\base-server.js:1474:24)
    at async DevServer.renderToResponseImpl (C:\Users\TINGO-AI-010\Documents\100under40\node_modules\next\dist\server\base-server.js:1524:32)
    at async DevServer.pipeImpl (C:\Users\TINGO-AI-010\Documents\100under40\node_modules\next\dist\server\base-server.js:1018:25)
    at async NextNodeServer.handleCatchallRenderRequest (C:\Users\TINGO-AI-010\Documents\100under40\node_modules\next\dist\server\next-server.js:395:17)
    at async DevServer.handleRequestImpl (C:\Users\TINGO-AI-010\Documents\100under40\node_modules\next\dist\server\base-server.js:909:17)
    at async C:\Users\TINGO-AI-010\Documents\100under40\node_modules\next\dist\server\dev\next-dev-server.js:387:20
    at async Span.traceAsyncFn (C:\Users\TINGO-AI-010\Documents\100under40\node_modules\next\dist\trace\trace.js:157:20)
    at async DevServer.handleRequest (C:\Users\TINGO-AI-010\Documents\100under40\node_modules\next\dist\server\dev\next-dev-server.js:383:24)
    at async invokeRender (C:\Users\TINGO-AI-010\Documents\100under40\node_modules\next\dist\server\lib\router-server.js:248:21)
    at async handleRequest (C:\Users\TINGO-AI-010\Documents\100under40\node_modules\next\dist\server\lib\router-server.js:447:24)
    at async requestHandlerImpl (C:\Users\TINGO-AI-010\Documents\100under40\node_modules\next\dist\server\lib\router-server.js:496:13)
    at async Server.requestListener (C:\Users\TINGO-AI-010\Documents\100under40\node_modules\next\dist\server\lib\start-server.js:226:13)
Raw Body: {\
